<?xml version="1.0" encoding="UTF-8"?>
<!-- Generated by org.testng.reporters.JUnitXMLReporter -->
<testsuite hostname="DESKTOP-KGRR886" ignored="0" name="Default test" tests="8" failures="0" timestamp="11 Dec 2022 06:52:02 GMT" time="21.321" errors="0">
  <testcase name="TestGetAllEmployess" time="4.849" classname="apiautomation.EndToEndTest"/>
  <testcase name="TestCreateEmployee" time="3.6" classname="apiautomation.EndToEndTest"/>
  <testcase name="TestGetSingleEmployee" time="2.163" classname="apiautomation.EndToEndTest"/>
  <testcase name="TestUpdateEmployee" time="2.082" classname="apiautomation.EndToEndTest"/>
  <testcase name="VerifyEmployeeAfterUpdate" time="2.12" classname="apiautomation.EndToEndTest"/>
  <testcase name="TestDeleteEmployee" time="2.166" classname="apiautomation.EndToEndTest"/>
  <testcase name="VerifyEmployeeIsDeleted" time="2.098" classname="apiautomation.EndToEndTest"/>
  <testcase name="VerifyEmployeeIsDeletedFromList" time="2.13" classname="apiautomation.EndToEndTest"/>
</testsuite> <!-- Default test -->
