<?xml version="1.0" encoding="UTF-8"?>
<!-- Generated by org.testng.reporters.JUnitXMLReporter -->
<testsuite hostname="DESKTOP-KGRR886" ignored="0" name="Test" tests="8" failures="0" timestamp="11 Dec 2022 07:02:33 GMT" time="48.33" errors="0">
  <testcase name="TestGetAllEmployess" time="18.967" classname="apiautomation.EndToEndTest"/>
  <testcase name="TestCreateEmployee" time="15.86" classname="apiautomation.EndToEndTest"/>
  <testcase name="TestGetSingleEmployee" time="2.447" classname="apiautomation.EndToEndTest"/>
  <testcase name="TestUpdateEmployee" time="2.343" classname="apiautomation.EndToEndTest"/>
  <testcase name="VerifyEmployeeAfterUpdate" time="2.232" classname="apiautomation.EndToEndTest"/>
  <testcase name="TestDeleteEmployee" time="2.094" classname="apiautomation.EndToEndTest"/>
  <testcase name="VerifyEmployeeIsDeleted" time="2.109" classname="apiautomation.EndToEndTest"/>
  <testcase name="VerifyEmployeeIsDeletedFromList" time="2.14" classname="apiautomation.EndToEndTest"/>
</testsuite> <!-- Test -->
